<?xml version="1.0" encoding="utf-8"?><testsuites name="pytest tests"><testsuite name="pytest" errors="0" failures="0" skipped="0" tests="63" time="6.407" timestamp="2026-05-26T08:07:25.890182+00:00" hostname="agent-env-039ba81f-fb4a-4a4b-9a54-067fb6f64bce"><testcase classname="backend.tests.test_pos_api" name="test_root" time="0.116" /><testcase classname="backend.tests.test_pos_api" name="test_get_products" time="0.049" /><testcase classname="backend.tests.test_pos_api" name="test_get_products_category_filter" time="0.046" /><testcase classname="backend.tests.test_pos_api" name="test_get_products_search" time="0.051" /><testcase classname="backend.tests.test_pos_api" name="test_get_products_barcode" time="0.047" /><testcase classname="backend.tests.test_pos_api" name="test_product_crud_full" time="0.284" /><testcase classname="backend.tests.test_pos_api" name="test_product_not_found" time="0.049" /><testcase classname="backend.tests.test_pos_api" name="test_held_carts_flow" time="0.200" /><testcase classname="backend.tests.test_pos_api" name="test_bill_creation_full_flow" time="0.443" /><testcase classname="backend.tests.test_pos_api" name="test_bill_not_found" time="0.047" /><testcase classname="backend.tests.test_pos_api" name="test_reports_summary[today]" time="0.048" /><testcase classname="backend.tests.test_pos_api" name="test_reports_summary[week]" time="0.047" /><testcase classname="backend.tests.test_pos_api" name="test_reports_summary[month]" time="0.047" /><testcase classname="backend.tests.test_pos_api" name="test_reports_summary[all]" time="0.048" /><testcase classname="backend.tests.test_pos_api" name="test_settings_get_and_update" time="0.148" /><testcase classname="backend.tests.test_pos_api" name="test_settings_empty_update" time="0.046" /><testcase classname="backend.tests.test_pos_features_v2" name="test_settings_software_name_persists" time="0.189" /><testcase classname="backend.tests.test_pos_features_v2" name="test_settings_tax_percent_persists" time="0.224" /><testcase classname="backend.tests.test_pos_features_v2" name="test_bill_with_balance_and_custom_tax" time="0.089" /><testcase classname="backend.tests.test_pos_features_v2" name="test_customers_balance_endpoint" time="0.091" /><testcase classname="backend.tests.test_pos_features_v2" name="test_customer_balance_in_customers_list" time="0.044" /><testcase classname="backend.tests.test_pos_features_v2" name="test_pay_customer_balance" time="0.141" /><testcase classname="backend.tests.test_pos_features_v2" name="test_pay_balance_unknown_customer" time="0.050" /><testcase classname="backend.tests.test_pos_features_v2" name="test_bills_search_by_invoice" time="0.092" /><testcase classname="backend.tests.test_pos_features_v2" name="test_bills_search_by_customer_name" time="0.093" /><testcase classname="backend.tests.test_pos_features_v2" name="test_bills_date_filter" time="0.052" /><testcase classname="backend.tests.test_pos_features_v2" name="test_customers_search_by_name" time="0.045" /><testcase classname="backend.tests.test_pos_features_v2" name="test_reports_date_range" time="0.070" /><testcase classname="backend.tests.test_pos_features_v3" name="test_bill_settled_true_when_no_balance" time="0.175" /><testcase classname="backend.tests.test_pos_features_v3" name="test_bill_settled_false_when_balance_due" time="0.048" /><testcase classname="backend.tests.test_pos_features_v3" name="test_settle_bill_endpoint_adjusts_customer_balance" time="0.372" /><testcase classname="backend.tests.test_pos_features_v3" name="test_settle_bill_404" time="0.048" /><testcase classname="backend.tests.test_pos_features_v3" name="test_get_customer_bills" time="0.187" /><testcase classname="backend.tests.test_pos_features_v3" name="test_get_customer_bills_empty" time="0.049" /><testcase classname="backend.tests.test_pos_features_v3" name="test_update_customer_balance" time="0.184" /><testcase classname="backend.tests.test_pos_features_v3" name="test_update_customer_balance_404" time="0.046" /><testcase classname="backend.tests.test_pos_features_v3" name="test_delete_customer" time="0.186" /><testcase classname="backend.tests.test_pos_features_v3" name="test_delete_customer_404" time="0.049" /><testcase classname="backend.tests.test_pos_features_v3" name="test_partial_payment_creates_customer_with_balance" time="0.092" /><testcase classname="backend.tests.test_pos_features_v3" name="test_full_payment_no_balance" time="0.093" /><testcase classname="backend.tests.test_pos_features_v3" name="test_get_bills_backfills_settled" time="0.056" /><testcase classname="backend.tests.test_pos_features_v4" name="test_product_new_fields_persist" time="0.178" /><testcase classname="backend.tests.test_pos_features_v4" name="test_create_stock_adjustment_increase" time="0.085" /><testcase classname="backend.tests.test_pos_features_v4" name="test_create_stock_adjustment_decrease" time="0.044" /><testcase classname="backend.tests.test_pos_features_v4" name="test_stock_adjustment_negative_stock_rejected" time="0.044" /><testcase classname="backend.tests.test_pos_features_v4" name="test_stock_adjustment_invalid_product" time="0.052" /><testcase classname="backend.tests.test_pos_features_v4" name="test_list_stock_adjustments" time="0.043" /><testcase classname="backend.tests.test_pos_features_v4" name="test_create_quotation" time="0.046" /><testcase classname="backend.tests.test_pos_features_v4" name="test_list_quotations" time="0.042" /><testcase classname="backend.tests.test_pos_features_v4" name="test_delete_quotation" time="0.126" /><testcase classname="backend.tests.test_pos_features_v4" name="test_delete_quotation_404" time="0.042" /><testcase classname="backend.tests.test_pos_features_v4" name="test_bill_new_fields_persisted" time="0.042" /><testcase classname="backend.tests.test_pos_features_v4" name="test_return_bill_creates_negative_and_restores_stock" time="0.252" /><testcase classname="backend.tests.test_pos_features_v4" name="test_return_bill_twice_rejected" time="0.168" /><testcase classname="backend.tests.test_pos_features_v4" name="test_return_bill_404" time="0.044" /><testcase classname="backend.tests.test_pos_features_v4" name="test_bills_list_includes_returns_with_negative_total" time="0.054" /><testcase classname="backend.tests.test_pos_features_v4" name="test_day_close_report_today" time="0.087" /><testcase classname="backend.tests.test_pos_features_v4" name="test_day_close_report_specific_date" time="0.041" /><testcase classname="backend.tests.test_pos_features_v4" name="test_profit_loss_report" time="0.042" /><testcase classname="backend.tests.test_pos_features_v4" name="test_expiring_products" time="0.041" /><testcase classname="backend.tests.test_pos_features_v4" name="test_expiring_products_zero_days" time="0.041" /><testcase classname="backend.tests.test_pos_features_v4" name="test_settings_update_new_fields" time="0.085" /><testcase classname="backend.tests.test_pos_features_v4" name="test_settings_receipt_size_values" time="0.166" /></testsuite></testsuites>