<?xml version="1.0" encoding="utf-8"?><testsuites name="pytest tests"><testsuite name="pytest" errors="0" failures="0" skipped="0" tests="41" time="4.712" timestamp="2026-05-25T10:55:26.096385+00:00" hostname="agent-env-039ba81f-fb4a-4a4b-9a54-067fb6f64bce"><testcase classname="backend.tests.test_pos_api" name="test_root" time="0.136" /><testcase classname="backend.tests.test_pos_api" name="test_get_products" time="0.046" /><testcase classname="backend.tests.test_pos_api" name="test_get_products_category_filter" time="0.044" /><testcase classname="backend.tests.test_pos_api" name="test_get_products_search" time="0.046" /><testcase classname="backend.tests.test_pos_api" name="test_get_products_barcode" time="0.047" /><testcase classname="backend.tests.test_pos_api" name="test_product_crud_full" time="0.279" /><testcase classname="backend.tests.test_pos_api" name="test_product_not_found" time="0.047" /><testcase classname="backend.tests.test_pos_api" name="test_held_carts_flow" time="0.194" /><testcase classname="backend.tests.test_pos_api" name="test_bill_creation_full_flow" time="0.423" /><testcase classname="backend.tests.test_pos_api" name="test_bill_not_found" time="0.047" /><testcase classname="backend.tests.test_pos_api" name="test_reports_summary[today]" time="0.048" /><testcase classname="backend.tests.test_pos_api" name="test_reports_summary[week]" time="0.051" /><testcase classname="backend.tests.test_pos_api" name="test_reports_summary[month]" time="0.041" /><testcase classname="backend.tests.test_pos_api" name="test_reports_summary[all]" time="0.051" /><testcase classname="backend.tests.test_pos_api" name="test_settings_get_and_update" time="0.135" /><testcase classname="backend.tests.test_pos_api" name="test_settings_empty_update" time="0.052" /><testcase classname="backend.tests.test_pos_features_v2" name="test_settings_software_name_persists" time="0.257" /><testcase classname="backend.tests.test_pos_features_v2" name="test_settings_tax_percent_persists" time="0.234" /><testcase classname="backend.tests.test_pos_features_v2" name="test_bill_with_balance_and_custom_tax" time="0.100" /><testcase classname="backend.tests.test_pos_features_v2" name="test_customers_balance_endpoint" time="0.094" /><testcase classname="backend.tests.test_pos_features_v2" name="test_customer_balance_in_customers_list" time="0.043" /><testcase classname="backend.tests.test_pos_features_v2" name="test_pay_customer_balance" time="0.134" /><testcase classname="backend.tests.test_pos_features_v2" name="test_pay_balance_unknown_customer" time="0.044" /><testcase classname="backend.tests.test_pos_features_v2" name="test_bills_search_by_invoice" time="0.094" /><testcase classname="backend.tests.test_pos_features_v2" name="test_bills_search_by_customer_name" time="0.090" /><testcase classname="backend.tests.test_pos_features_v2" name="test_bills_date_filter" time="0.048" /><testcase classname="backend.tests.test_pos_features_v2" name="test_customers_search_by_name" time="0.047" /><testcase classname="backend.tests.test_pos_features_v2" name="test_reports_date_range" time="0.048" /><testcase classname="backend.tests.test_pos_features_v3" name="test_bill_settled_true_when_no_balance" time="0.126" /><testcase classname="backend.tests.test_pos_features_v3" name="test_bill_settled_false_when_balance_due" time="0.046" /><testcase classname="backend.tests.test_pos_features_v3" name="test_settle_bill_endpoint_adjusts_customer_balance" time="0.421" /><testcase classname="backend.tests.test_pos_features_v3" name="test_settle_bill_404" time="0.043" /><testcase classname="backend.tests.test_pos_features_v3" name="test_get_customer_bills" time="0.214" /><testcase classname="backend.tests.test_pos_features_v3" name="test_get_customer_bills_empty" time="0.082" /><testcase classname="backend.tests.test_pos_features_v3" name="test_update_customer_balance" time="0.249" /><testcase classname="backend.tests.test_pos_features_v3" name="test_update_customer_balance_404" time="0.044" /><testcase classname="backend.tests.test_pos_features_v3" name="test_delete_customer" time="0.178" /><testcase classname="backend.tests.test_pos_features_v3" name="test_delete_customer_404" time="0.043" /><testcase classname="backend.tests.test_pos_features_v3" name="test_partial_payment_creates_customer_with_balance" time="0.086" /><testcase classname="backend.tests.test_pos_features_v3" name="test_full_payment_no_balance" time="0.124" /><testcase classname="backend.tests.test_pos_features_v3" name="test_get_bills_backfills_settled" time="0.044" /></testsuite></testsuites>