<?xml version="1.0" encoding="utf-8"?><testsuites name="pytest tests"><testsuite name="pytest" errors="0" failures="0" skipped="0" tests="13" time="1.929" timestamp="2026-05-25T10:55:18.901592+00:00" hostname="agent-env-039ba81f-fb4a-4a4b-9a54-067fb6f64bce"><testcase classname="backend.tests.test_pos_features_v3" name="test_bill_settled_true_when_no_balance" time="0.255" /><testcase classname="backend.tests.test_pos_features_v3" name="test_bill_settled_false_when_balance_due" time="0.053" /><testcase classname="backend.tests.test_pos_features_v3" name="test_settle_bill_endpoint_adjusts_customer_balance" time="0.394" /><testcase classname="backend.tests.test_pos_features_v3" name="test_settle_bill_404" time="0.051" /><testcase classname="backend.tests.test_pos_features_v3" name="test_get_customer_bills" time="0.202" /><testcase classname="backend.tests.test_pos_features_v3" name="test_get_customer_bills_empty" time="0.049" /><testcase classname="backend.tests.test_pos_features_v3" name="test_update_customer_balance" time="0.189" /><testcase classname="backend.tests.test_pos_features_v3" name="test_update_customer_balance_404" time="0.049" /><testcase classname="backend.tests.test_pos_features_v3" name="test_delete_customer" time="0.187" /><testcase classname="backend.tests.test_pos_features_v3" name="test_delete_customer_404" time="0.049" /><testcase classname="backend.tests.test_pos_features_v3" name="test_partial_payment_creates_customer_with_balance" time="0.097" /><testcase classname="backend.tests.test_pos_features_v3" name="test_full_payment_no_balance" time="0.102" /><testcase classname="backend.tests.test_pos_features_v3" name="test_get_bills_backfills_settled" time="0.050" /></testsuite></testsuites>