<?xml version="1.0" encoding="utf-8"?><testsuites name="pytest tests"><testsuite name="pytest" errors="0" failures="0" skipped="0" tests="12" time="1.287" timestamp="2026-05-25T09:47:25.838137+00:00" hostname="agent-env-039ba81f-fb4a-4a4b-9a54-067fb6f64bce"><testcase classname="backend.tests.test_pos_features_v2" name="test_settings_software_name_persists" time="0.246" /><testcase classname="backend.tests.test_pos_features_v2" name="test_settings_tax_percent_persists" time="0.220" /><testcase classname="backend.tests.test_pos_features_v2" name="test_bill_with_balance_and_custom_tax" time="0.092" /><testcase classname="backend.tests.test_pos_features_v2" name="test_customers_balance_endpoint" time="0.093" /><testcase classname="backend.tests.test_pos_features_v2" name="test_customer_balance_in_customers_list" time="0.043" /><testcase classname="backend.tests.test_pos_features_v2" name="test_pay_customer_balance" time="0.133" /><testcase classname="backend.tests.test_pos_features_v2" name="test_pay_balance_unknown_customer" time="0.044" /><testcase classname="backend.tests.test_pos_features_v2" name="test_bills_search_by_invoice" time="0.092" /><testcase classname="backend.tests.test_pos_features_v2" name="test_bills_search_by_customer_name" time="0.090" /><testcase classname="backend.tests.test_pos_features_v2" name="test_bills_date_filter" time="0.049" /><testcase classname="backend.tests.test_pos_features_v2" name="test_customers_search_by_name" time="0.082" /><testcase classname="backend.tests.test_pos_features_v2" name="test_reports_date_range" time="0.045" /></testsuite></testsuites>