<?xml version="1.0" encoding="utf-8"?><testsuites name="pytest tests"><testsuite name="pytest" errors="0" failures="1" skipped="0" tests="22" time="1.888" timestamp="2026-05-26T08:06:58.303103+00:00" hostname="agent-env-039ba81f-fb4a-4a4b-9a54-067fb6f64bce"><testcase classname="backend.tests.test_pos_features_v4" name="test_product_new_fields_persist" time="0.181" /><testcase classname="backend.tests.test_pos_features_v4" name="test_create_stock_adjustment_increase" time="0.092" /><testcase classname="backend.tests.test_pos_features_v4" name="test_create_stock_adjustment_decrease" time="0.048" /><testcase classname="backend.tests.test_pos_features_v4" name="test_stock_adjustment_negative_stock_rejected" time="0.048" /><testcase classname="backend.tests.test_pos_features_v4" name="test_stock_adjustment_invalid_product" time="0.045" /><testcase classname="backend.tests.test_pos_features_v4" name="test_list_stock_adjustments" time="0.044" /><testcase classname="backend.tests.test_pos_features_v4" name="test_create_quotation" time="0.045" /><testcase classname="backend.tests.test_pos_features_v4" name="test_list_quotations" time="0.041" /><testcase classname="backend.tests.test_pos_features_v4" name="test_delete_quotation" time="0.135" /><testcase classname="backend.tests.test_pos_features_v4" name="test_delete_quotation_404" time="0.045" /><testcase classname="backend.tests.test_pos_features_v4" name="test_bill_new_fields_persisted" time="0.047" /><testcase classname="backend.tests.test_pos_features_v4" name="test_return_bill_creates_negative_and_restores_stock" time="0.215"><failure message="AssertionError: Expected stock to be restored by 2: before=53, after=53&#10;assert 53 == (53 + 2)">backend/tests/test_pos_features_v4.py:257: in test_return_bill_creates_negative_and_restores_stock
    assert after == before + 2, f"Expected stock to be restored by 2: before={before}, after={after}"
E   AssertionError: Expected stock to be restored by 2: before=53, after=53
E   assert 53 == (53 + 2)</failure></testcase><testcase classname="backend.tests.test_pos_features_v4" name="test_return_bill_twice_rejected" time="0.195" /><testcase classname="backend.tests.test_pos_features_v4" name="test_return_bill_404" time="0.047" /><testcase classname="backend.tests.test_pos_features_v4" name="test_bills_list_includes_returns_with_negative_total" time="0.047" /><testcase classname="backend.tests.test_pos_features_v4" name="test_day_close_report_today" time="0.087" /><testcase classname="backend.tests.test_pos_features_v4" name="test_day_close_report_specific_date" time="0.044" /><testcase classname="backend.tests.test_pos_features_v4" name="test_profit_loss_report" time="0.044" /><testcase classname="backend.tests.test_pos_features_v4" name="test_expiring_products" time="0.053" /><testcase classname="backend.tests.test_pos_features_v4" name="test_expiring_products_zero_days" time="0.044" /><testcase classname="backend.tests.test_pos_features_v4" name="test_settings_update_new_fields" time="0.085" /><testcase classname="backend.tests.test_pos_features_v4" name="test_settings_receipt_size_values" time="0.170" /></testsuite></testsuites>