<?xml version="1.0" encoding="utf-8"?><testsuites name="pytest tests"><testsuite name="pytest" errors="0" failures="0" skipped="0" tests="16" time="2.013" timestamp="2026-05-25T08:07:04.542329+00:00" hostname="agent-env-039ba81f-fb4a-4a4b-9a54-067fb6f64bce"><testcase classname="backend.tests.test_pos_api" name="test_root" time="0.282" /><testcase classname="backend.tests.test_pos_api" name="test_get_products" time="0.050" /><testcase classname="backend.tests.test_pos_api" name="test_get_products_category_filter" time="0.045" /><testcase classname="backend.tests.test_pos_api" name="test_get_products_search" time="0.044" /><testcase classname="backend.tests.test_pos_api" name="test_get_products_barcode" time="0.044" /><testcase classname="backend.tests.test_pos_api" name="test_product_crud_full" time="0.282" /><testcase classname="backend.tests.test_pos_api" name="test_product_not_found" time="0.046" /><testcase classname="backend.tests.test_pos_api" name="test_held_carts_flow" time="0.189" /><testcase classname="backend.tests.test_pos_api" name="test_bill_creation_full_flow" time="0.418" /><testcase classname="backend.tests.test_pos_api" name="test_bill_not_found" time="0.046" /><testcase classname="backend.tests.test_pos_api" name="test_reports_summary[today]" time="0.044" /><testcase classname="backend.tests.test_pos_api" name="test_reports_summary[week]" time="0.044" /><testcase classname="backend.tests.test_pos_api" name="test_reports_summary[month]" time="0.047" /><testcase classname="backend.tests.test_pos_api" name="test_reports_summary[all]" time="0.043" /><testcase classname="backend.tests.test_pos_api" name="test_settings_get_and_update" time="0.153" /><testcase classname="backend.tests.test_pos_api" name="test_settings_empty_update" time="0.044" /></testsuite></testsuites>